<?xml version="1.0" encoding="UTF-8"?>
<!-- Generated by org.testng.reporters.JUnitReportReporter -->
<testsuite hostname="DESKTOP-M34S856" failures="0" tests="2" name="advancedSelenium.AdvancedSelenium" time="72.040" errors="0" timestamp="2024-05-29T21:46:04 IST" skipped="0">
  <testcase classname="advancedSelenium.AdvancedSelenium" name="TestScenario1" time="29.743"/>
  <system-out/>
  <testcase classname="advancedSelenium.AdvancedSelenium" name="TestScenario1" time="42.297"/>
  <system-out/>
</testsuite> <!-- advancedSelenium.AdvancedSelenium -->
